<?xml version="1.0" encoding="UTF-8"?>
<!-- Generated by org.testng.reporters.JUnitReportReporter -->
<testsuite hostname="DESKTOP-5SS6LDF" failures="0" tests="1" name="Action.BaseClass1" time="11.286" errors="0" timestamp="2024-02-03T22:28:13 IST" skipped="0">
  <testcase classname="Action.BaseClass1" name="registrationMethod" time="11.286"/>
</testsuite> <!-- Action.BaseClass1 -->
